2025-12-14 14:05:22,398:INFO:Starting Extraction...
2025-12-14 14:05:24,911:INFO:Extraction Success. Loaded 180519 rows.
2025-12-14 14:05:24,911:INFO:Transforming Dimensions...
2025-12-14 14:05:24,983:INFO:Transforming Fact Table...
2025-12-14 14:05:26,192:INFO:Loading to Database...
2025-12-14 14:05:26,331:ERROR:Load Failed: (sqlite3.IntegrityError) UNIQUE constraint failed: dim_customers.customer_id
[SQL: INSERT INTO dim_customers (customer_id, f_name, l_name, segment, city, state, country) VALUES (?, ?, ?, ?, ?, ?, ?)]
[parameters: [(20755, 'Cally', 'Holloway', 'Consumer', 'Caguas', 'PR', 'Puerto Rico'), (19492, 'Irene', 'Luna', 'Consumer', 'Caguas', 'PR', 'Puerto Rico'), (19491, 'Gillian', 'Maldonado', 'Consumer', 'San Jose', 'CA', 'EE. UU.'), (19490, 'Tana', 'Tate', 'Home Office', 'Los Angeles', 'CA', 'EE. UU.'), (19489, 'Orli', 'Hendricks', 'Corporate', 'Caguas', 'PR', 'Puerto Rico'), (19488, 'Kimberly', 'Flowers', 'Consumer', 'Tonawanda', 'NY', 'EE. UU.'), (19487, 'Constance', 'Terrell', 'Home Office', 'Caguas', 'PR', 'Puerto Rico'), (19486, 'Erica', 'Stevens', 'Corporate', 'Miami', 'FL', 'EE. UU.')  ... displaying 10 of 20652 total bound parameter sets ...  (16244, 'Hyacinth', 'Witt', 'Home Office', 'Caguas', 'PR', 'Puerto Rico'), (2677, 'Mary', 'Davis', 'Home Office', 'Caguas', 'PR', 'Puerto Rico')]]
(Background on this error at: https://sqlalche.me/e/20/gkpj)
2025-12-14 14:07:38,343:INFO:Starting Extraction...
2025-12-14 14:07:40,803:INFO:Extraction Success. Loaded 180519 rows.
2025-12-14 14:07:40,803:INFO:Transforming Dimensions...
2025-12-14 14:07:40,876:INFO:Transforming Fact Table...
2025-12-14 14:07:42,145:INFO:Loading to Database...
2025-12-14 14:07:48,667:INFO:Load Complete. Data Warehouse is ready.
2025-12-14 14:08:45,076:INFO:Starting Extraction...
2025-12-14 14:08:47,550:INFO:Extraction Success. Loaded 180519 rows.
2025-12-14 14:08:47,550:INFO:Transforming Dimensions...
2025-12-14 14:08:47,623:INFO:Transforming Fact Table...
2025-12-14 14:08:48,955:INFO:Loading to Database...
2025-12-14 14:08:49,097:ERROR:Load Failed: (sqlite3.IntegrityError) UNIQUE constraint failed: dim_customers.customer_id
[SQL: INSERT INTO dim_customers (customer_id, f_name, l_name, segment, city, state, country) VALUES (?, ?, ?, ?, ?, ?, ?)]
[parameters: [(20755, 'Cally', 'Holloway', 'Consumer', 'Caguas', 'PR', 'Puerto Rico'), (19492, 'Irene', 'Luna', 'Consumer', 'Caguas', 'PR', 'Puerto Rico'), (19491, 'Gillian', 'Maldonado', 'Consumer', 'San Jose', 'CA', 'EE. UU.'), (19490, 'Tana', 'Tate', 'Home Office', 'Los Angeles', 'CA', 'EE. UU.'), (19489, 'Orli', 'Hendricks', 'Corporate', 'Caguas', 'PR', 'Puerto Rico'), (19488, 'Kimberly', 'Flowers', 'Consumer', 'Tonawanda', 'NY', 'EE. UU.'), (19487, 'Constance', 'Terrell', 'Home Office', 'Caguas', 'PR', 'Puerto Rico'), (19486, 'Erica', 'Stevens', 'Corporate', 'Miami', 'FL', 'EE. UU.')  ... displaying 10 of 20652 total bound parameter sets ...  (16244, 'Hyacinth', 'Witt', 'Home Office', 'Caguas', 'PR', 'Puerto Rico'), (2677, 'Mary', 'Davis', 'Home Office', 'Caguas', 'PR', 'Puerto Rico')]]
(Background on this error at: https://sqlalche.me/e/20/gkpj)
2025-12-14 14:09:10,852:INFO:Starting Extraction...
2025-12-14 14:09:13,319:INFO:Extraction Success. Loaded 180519 rows.
2025-12-14 14:09:13,319:INFO:Transforming Dimensions...
2025-12-14 14:09:13,399:INFO:Transforming Fact Table...
2025-12-14 14:09:14,678:INFO:Loading to Database...
2025-12-14 14:09:21,223:INFO:Load Complete. Data Warehouse is ready.
2025-12-14 14:12:49,556:INFO:Starting Extraction...
2025-12-14 14:12:52,120:INFO:Extraction Success. Loaded 180519 rows.
2025-12-14 14:12:52,120:INFO:Transforming Dimensions...
2025-12-14 14:12:52,192:INFO:Transforming Fact Table...
2025-12-14 14:12:53,460:INFO:Loading to Database...
2025-12-14 14:12:59,781:INFO:Load Complete. Data Warehouse is ready.
2025-12-14 14:50:42,828:INFO:Starting Extraction...
2025-12-14 14:50:45,440:INFO:Extraction Success. Loaded 180519 rows.
2025-12-14 14:50:45,441:INFO:Transforming Dimensions...
2025-12-14 14:50:45,521:INFO:Transforming Fact Table...
2025-12-14 14:50:46,833:INFO:Loading to Database...
2025-12-14 14:50:53,151:INFO:Load Complete. Data Warehouse is ready.
2025-12-30 12:26:56,318:INFO:Starting Extraction...
2025-12-30 12:26:59,640:INFO:Extraction Success. Loaded 180519 rows.
2025-12-30 12:26:59,640:INFO:Transforming Dimensions...
2025-12-30 12:26:59,740:INFO:Transforming Fact Table...
2025-12-30 12:27:01,337:INFO:Loading to Database...
2025-12-30 12:27:01,490:ERROR:Load Failed: (sqlite3.IntegrityError) UNIQUE constraint failed: dim_customers.customer_id
[SQL: INSERT INTO dim_customers (customer_id, f_name, l_name, segment, city, state, country) VALUES (?, ?, ?, ?, ?, ?, ?)]
[parameters: [(20755, 'Cally', 'Holloway', 'Consumer', 'Caguas', 'PR', 'Puerto Rico'), (19492, 'Irene', 'Luna', 'Consumer', 'Caguas', 'PR', 'Puerto Rico'), (19491, 'Gillian', 'Maldonado', 'Consumer', 'San Jose', 'CA', 'EE. UU.'), (19490, 'Tana', 'Tate', 'Home Office', 'Los Angeles', 'CA', 'EE. UU.'), (19489, 'Orli', 'Hendricks', 'Corporate', 'Caguas', 'PR', 'Puerto Rico'), (19488, 'Kimberly', 'Flowers', 'Consumer', 'Tonawanda', 'NY', 'EE. UU.'), (19487, 'Constance', 'Terrell', 'Home Office', 'Caguas', 'PR', 'Puerto Rico'), (19486, 'Erica', 'Stevens', 'Corporate', 'Miami', 'FL', 'EE. UU.')  ... displaying 10 of 20652 total bound parameter sets ...  (16244, 'Hyacinth', 'Witt', 'Home Office', 'Caguas', 'PR', 'Puerto Rico'), (2677, 'Mary', 'Davis', 'Home Office', 'Caguas', 'PR', 'Puerto Rico')]]
(Background on this error at: https://sqlalche.me/e/20/gkpj)
2025-12-30 12:28:44,692:INFO:Starting Extraction...
2025-12-30 12:28:47,774:INFO:Extraction Success. Loaded 180519 rows.
2025-12-30 12:28:47,775:INFO:Transforming Dimensions...
2025-12-30 12:28:47,862:INFO:Transforming Fact Table...
2025-12-30 12:28:49,475:INFO:Loading to Database...
2025-12-30 12:28:56,922:INFO:Load Complete. Data Warehouse is ready.
2025-12-30 12:31:21,489:INFO:Starting Extraction...
2025-12-30 12:31:24,721:INFO:Extraction Success. Loaded 180519 rows.
2025-12-30 12:31:24,721:INFO:Transforming Dimensions...
2025-12-30 12:31:24,828:INFO:Transforming Fact Table...
2025-12-30 12:31:27,020:INFO:Loading to Database...
2025-12-30 12:31:27,189:ERROR:Load Failed: (sqlite3.IntegrityError) UNIQUE constraint failed: dim_customers.customer_id
[SQL: INSERT INTO dim_customers (customer_id, f_name, l_name, segment, city, state, country) VALUES (?, ?, ?, ?, ?, ?, ?)]
[parameters: [(20755, 'Cally', 'Holloway', 'Consumer', 'Caguas', 'PR', 'Puerto Rico'), (19492, 'Irene', 'Luna', 'Consumer', 'Caguas', 'PR', 'Puerto Rico'), (19491, 'Gillian', 'Maldonado', 'Consumer', 'San Jose', 'CA', 'EE. UU.'), (19490, 'Tana', 'Tate', 'Home Office', 'Los Angeles', 'CA', 'EE. UU.'), (19489, 'Orli', 'Hendricks', 'Corporate', 'Caguas', 'PR', 'Puerto Rico'), (19488, 'Kimberly', 'Flowers', 'Consumer', 'Tonawanda', 'NY', 'EE. UU.'), (19487, 'Constance', 'Terrell', 'Home Office', 'Caguas', 'PR', 'Puerto Rico'), (19486, 'Erica', 'Stevens', 'Corporate', 'Miami', 'FL', 'EE. UU.')  ... displaying 10 of 20652 total bound parameter sets ...  (16244, 'Hyacinth', 'Witt', 'Home Office', 'Caguas', 'PR', 'Puerto Rico'), (2677, 'Mary', 'Davis', 'Home Office', 'Caguas', 'PR', 'Puerto Rico')]]
(Background on this error at: https://sqlalche.me/e/20/gkpj)
2025-12-30 12:31:47,747:INFO:Starting Extraction...
2025-12-30 12:31:51,603:INFO:Extraction Success. Loaded 180519 rows.
2025-12-30 12:31:51,603:INFO:Transforming Dimensions...
2025-12-30 12:31:51,735:INFO:Transforming Fact Table...
2025-12-30 12:31:54,647:INFO:Loading to Database...
2025-12-30 12:32:05,829:INFO:Load Complete. Data Warehouse is ready.
