2025-12-12 17:27:22,981:INFO:Starting Extraction...
2025-12-12 17:27:25,851:INFO:Extraction Success. Loaded 180519 rows.
2025-12-12 17:27:25,851:INFO:Transforming Dimensions...
2025-12-12 17:27:25,927:INFO:Transforming Fact Table...
2025-12-12 17:30:13,704:INFO:Starting Extraction...
2025-12-12 17:30:16,093:INFO:Extraction Success. Loaded 180519 rows.
2025-12-12 17:30:16,093:INFO:Transforming Dimensions...
2025-12-12 17:30:16,164:INFO:Transforming Fact Table...
2025-12-12 17:34:00,978:INFO:Starting Extraction...
2025-12-12 17:34:03,371:INFO:Extraction Success. Loaded 180519 rows.
2025-12-12 17:34:03,371:INFO:Transforming Dimensions...
2025-12-12 17:34:03,442:INFO:Transforming Fact Table...
2025-12-12 17:35:42,883:INFO:Starting Extraction...
2025-12-12 17:35:45,382:INFO:Extraction Success. Loaded 180519 rows.
2025-12-12 17:35:45,382:INFO:Transforming Dimensions...
2025-12-12 17:35:45,469:INFO:Transforming Fact Table...
2025-12-12 17:36:57,327:INFO:Starting Extraction...
2025-12-12 17:36:59,714:INFO:Extraction Success. Loaded 180519 rows.
2025-12-12 17:36:59,714:INFO:Transforming Dimensions...
2025-12-12 17:36:59,805:INFO:Transforming Fact Table...
2025-12-12 17:37:01,003:INFO:Loading to Database...
2025-12-12 17:37:06,535:INFO:Load Complete. Data Warehouse is ready.
